1.2847 	WARNING 	We strongly recommend you activate the PTB sound engine in PsychoPy prefs as the preferred audio engine. Its timing is vastly superior. Your prefs are currently set to use ['sounddevice', 'PTB', 'pyo', 'pygame'] (in that order).
13.0954 	EXP 	Created window1 = Window(allowGUI=False, allowStencil=False, autoLog=True, backendConf=UNKNOWN, bitsMode=UNKNOWN, blendMode='avg', bpc=(8, 8, 8), color=array([-1, -1, -1]), colorSpace='rgb', depthBits=8, fullscr=<method-wrapper '__getattribute__' of attributeSetter object at 0x000001D30C1384E0>, gamma=None, gammaErrorPolicy='raise', lms=UNKNOWN, monitor=<psychopy.monitors.calibTools.Monitor object at 0x000001D30C241978>, multiSample=False, name='window1', numSamples=2, pos=[0.0, 0.0], screen=0, size=array([1920, 1080]), stencilBits=0, stereo=False, units='height', useFBO=True, useRetina=False, viewOri=0.0, viewPos=None, viewScale=None, waitBlanking=True, winType='pyglet')
13.0958 	EXP 	window1: mouseVisible = True
13.0958 	EXP 	window1: recordFrameIntervals = False
13.2618 	EXP 	window1: recordFrameIntervals = True
13.4452 	EXP 	window1: recordFrameIntervals = False
13.9197 	EXP 	Created Introduction = TextStim(__class__=<class 'psychopy.visual.text.TextStim'>, alignHoriz=method-wrapper(...), alignText='center', alignVert=method-wrapper(...), anchorHoriz='center', anchorVert='center', antialias=True, autoLog=True, bold=False, color=array([1., 1., 1.]), colorSpace='rgb', contrast=1.0, depth=0.0, flipHoriz=False, flipVert=False, font='Open Sans', fontFiles=[], height=0.035, italic=False, languageStyle='LTR', name='Introduction', opacity=1, ori=0.0, pos=array([0., 0.]), rgb=UNKNOWN, text=str(...), units='height', win=Window(...), wrapWidth=1)
13.9350 	EXP 	Created instructions = TextStim(__class__=<class 'psychopy.visual.text.TextStim'>, alignHoriz=method-wrapper(...), alignText='center', alignVert=method-wrapper(...), anchorHoriz='center', anchorVert='center', antialias=True, autoLog=True, bold=False, color=array([1., 1., 1.]), colorSpace='rgb', contrast=1.0, depth=0.0, flipHoriz=False, flipVert=False, font='Open Sans', fontFiles=[], height=0.035, italic=False, languageStyle='LTR', name='instructions', opacity=1, ori=0.0, pos=array([0., 0.]), rgb=UNKNOWN, text=str(...), units='height', win=Window(...), wrapWidth=1)
13.9557 	EXP 	Created introduction2 = TextStim(__class__=<class 'psychopy.visual.text.TextStim'>, alignHoriz=method-wrapper(...), alignText='center', alignVert=method-wrapper(...), anchorHoriz='center', anchorVert='center', antialias=True, autoLog=True, bold=False, color=array([1., 1., 1.]), colorSpace='rgb', contrast=1.0, depth=0.0, flipHoriz=False, flipVert=False, font='Open Sans', fontFiles=[], height=0.035, italic=False, languageStyle='LTR', name='introduction2', opacity=1, ori=0.0, pos=array([0., 0.]), rgb=UNKNOWN, text=str(...), units='height', win=Window(...), wrapWidth=1)
13.9649 	EXP 	Created text_start = TextStim(__class__=<class 'psychopy.visual.text.TextStim'>, alignHoriz=method-wrapper(...), alignText='center', alignVert=method-wrapper(...), anchorHoriz='center', anchorVert='center', antialias=True, autoLog=True, bold=False, color=array([1., 1., 1.]), colorSpace='rgb', contrast=1.0, depth=0.0, flipHoriz=False, flipVert=False, font='Open Sans', fontFiles=[], height=0.035, italic=False, languageStyle='LTR', name='text_start', opacity=1, ori=0.0, pos=array([0., 0.]), rgb=UNKNOWN, text=str(...), units='height', win=Window(...), wrapWidth=1)
13.9698 	EXP 	Created image = ImageStim(__class__=<class 'psychopy.visual.image.ImageStim'>, autoLog=True, color=array([1., 1., 1.]), colorSpace='rgb', contrast=1.0, depth=-2.0, flipHoriz=False, flipVert=False, image='sin', interpolate=False, mask=None, maskParams=None, name='image', opacity=1.0, ori=0.0, pos=array([0., 0.]), size=array([1., 1.]), texRes=128.0, units='pix', win=Window(...))
13.9849 	EXP 	Created text_2 = TextStim(__class__=<class 'psychopy.visual.text.TextStim'>, alignHoriz=method-wrapper(...), alignText='center', alignVert=method-wrapper(...), anchorHoriz='center', anchorVert='center', antialias=True, autoLog=True, bold=False, color=array([1., 1., 1.]), colorSpace='rgb', contrast=1.0, depth=-3.0, flipHoriz=False, flipVert=False, font='Open Sans', fontFiles=[], height=0.1, italic=False, languageStyle='LTR', name='text_2', opacity=1, ori=0.0, pos=array([ 0., -1.]), rgb=UNKNOWN, text='Press < spacebar > to continue ', units='height', win=Window(...), wrapWidth=1)
13.9851 	EXP 	window1: mouseVisible = True
13.9896 	EXP 	window1: mouseVisible = True
13.9919 	EXP 	window1: mouseVisible = True
14.0034 	EXP 	Created text_3 = TextStim(__class__=<class 'psychopy.visual.text.TextStim'>, alignHoriz=method-wrapper(...), alignText='center', alignVert=method-wrapper(...), anchorHoriz='center', anchorVert='center', antialias=True, autoLog=True, bold=False, color=array([1., 1., 1.]), colorSpace='rgb', contrast=1.0, depth=-4.0, flipHoriz=False, flipVert=False, font='Open Sans', fontFiles=[], height=0.05, italic=False, languageStyle='LTR', name='text_3', opacity=1, ori=0.0, pos=array([-0.07,  0.33]), rgb=UNKNOWN, text='Choose your Output', units='height', win=Window(...), wrapWidth=1)
14.0196 	EXP 	Created text = TextStim(__class__=<class 'psychopy.visual.text.TextStim'>, alignHoriz=method-wrapper(...), alignText='center', alignVert=method-wrapper(...), anchorHoriz='center', anchorVert='center', antialias=True, autoLog=True, bold=False, color=array([1., 1., 1.]), colorSpace='rgb', contrast=1.0, depth=0.0, flipHoriz=False, flipVert=False, font='Open Sans', fontFiles=[], height=0.1, italic=False, languageStyle='LTR', name='text', opacity=1, ori=0.0, pos=array([0., 0.]), rgb=UNKNOWN, text=str(...), units='height', win=Window(...), wrapWidth=1)
14.0836 	EXP 	Introduction: autoDraw = True
14.7333 	DATA 	Keypress: space
14.7450 	EXP 	Introduction: autoDraw = False
14.7450 	EXP 	instructions: autoDraw = True
14.9333 	DATA 	Keypress: space
14.9449 	EXP 	instructions: autoDraw = False
14.9449 	EXP 	introduction2: autoDraw = True
15.0840 	DATA 	Keypress: space
15.0950 	EXP 	introduction2: autoDraw = False
15.0950 	EXP 	text_start: autoDraw = True
15.4655 	DATA 	Keypress: space
15.4843 	EXP 	Created sequence: sequential, trialTypes=1, nReps=16, seed=None
15.4845 	EXP 	New trial (rep=0, index=0): None
15.4847 	EXP 	Created sequence: random, trialTypes=1, nReps=2, seed=None
15.4849 	EXP 	New trial (rep=0, index=0): None
15.5783 	EXP 	text_start: autoDraw = False
15.5783 	EXP 	image: size = array([1920., 1080.])
15.5783 	EXP 	image: image = './snippets/Final/ArraySum(WIC).png'
15.5783 	EXP 	image: autoDraw = True
15.5783 	EXP 	text_2: autoDraw = True
17.6817 	DATA 	Keypress: space
17.7168 	EXP 	New trial (rep=1, index=0): None
17.8114 	EXP 	image: autoDraw = False
17.8114 	EXP 	text_2: autoDraw = False
17.8114 	EXP 	image: size = array([1920., 1080.])
17.8114 	EXP 	image: image = './snippets/Final/ArraySumresp(WIC).png'
17.8114 	EXP 	image: autoDraw = True
17.8114 	EXP 	text_2: autoDraw = True
18.4422 	DATA 	Keypress: space
18.4614 	EXP 	image: autoDraw = False
18.4614 	EXP 	text_2: autoDraw = False
18.4614 	EXP 	text_3: autoDraw = True
22.1778 	DATA 	Mouse: Left button down, pos=(599,437)
22.1840 	EXP 	New trial (rep=1, index=0): None
22.1843 	EXP 	Created sequence: random, trialTypes=1, nReps=2, seed=None
22.1844 	EXP 	New trial (rep=0, index=0): None
22.2776 	EXP 	text_3: autoDraw = False
22.2776 	EXP 	image: size = array([1920., 1080.])
22.2776 	EXP 	image: image = './snippets/Final/BubbleSort(WOC).png'
22.2776 	EXP 	image: autoDraw = True
22.2776 	EXP 	text_2: autoDraw = True
22.3149 	DATA 	Mouse:  Left button up, pos=(599,437)
23.5826 	EXP 	New trial (rep=1, index=0): None
23.6469 	DATA 	Keypress: space
23.6775 	EXP 	image: autoDraw = False
23.6775 	EXP 	text_2: autoDraw = False
23.6775 	EXP 	image: size = array([1920., 1080.])
23.6775 	EXP 	image: image = './snippets/Final/BubbleSortresp(WOC).png'
23.6775 	EXP 	image: autoDraw = True
23.6775 	EXP 	text_2: autoDraw = True
25.1277 	DATA 	Keypress: space
25.1612 	EXP 	image: autoDraw = False
25.1612 	EXP 	text_2: autoDraw = False
25.1612 	EXP 	text_3: autoDraw = True
29.4320 	DATA 	Keypress: escape
29.6009 	EXP 	window1: mouseVisible = True
