1.2347 	WARNING 	We strongly recommend you activate the PTB sound engine in PsychoPy prefs as the preferred audio engine. Its timing is vastly superior. Your prefs are currently set to use ['sounddevice', 'PTB', 'pyo', 'pygame'] (in that order).
12.5390 	WARNING 	Couldn't measure a consistent frame rate.
  - Is your graphics card set to sync to vertical blank?
  - Are you running other processes on your computer?

12.5392 	EXP 	Created window1 = Window(allowGUI=False, allowStencil=False, autoLog=True, backendConf=UNKNOWN, bitsMode=UNKNOWN, blendMode='avg', bpc=(8, 8, 8), color=array([-1, -1, -1]), colorSpace='rgb', depthBits=8, fullscr=<method-wrapper '__getattribute__' of attributeSetter object at 0x0000021D1735E518>, gamma=None, gammaErrorPolicy='raise', lms=UNKNOWN, monitor=<psychopy.monitors.calibTools.Monitor object at 0x0000021D17368978>, multiSample=False, name='window1', numSamples=2, pos=[0.0, 0.0], screen=0, size=array([1920, 1080]), stencilBits=0, stereo=False, units='height', useFBO=True, useRetina=False, viewOri=0.0, viewPos=None, viewScale=None, waitBlanking=True, winType='pyglet')
12.5395 	EXP 	window1: mouseVisible = True
12.5395 	EXP 	window1: recordFrameIntervals = False
12.6994 	EXP 	window1: recordFrameIntervals = True
12.7556 	WARNING 	t of last frame was 22.84ms (=1/43)
12.7890 	WARNING 	t of last frame was 23.02ms (=1/43)
12.8222 	WARNING 	t of last frame was 22.96ms (=1/43)
12.8556 	WARNING 	t of last frame was 22.96ms (=1/43)
12.8891 	WARNING 	Multiple dropped frames have occurred - I'll stop bothering you about them!
14.3725 	WARNING 	Couldn't measure a consistent frame rate.
  - Is your graphics card set to sync to vertical blank?
  - Are you running other processes on your computer?

14.8217 	EXP 	Created Introduction = TextStim(__class__=<class 'psychopy.visual.text.TextStim'>, alignHoriz=method-wrapper(...), alignText='center', alignVert=method-wrapper(...), anchorHoriz='center', anchorVert='center', antialias=True, autoLog=True, bold=False, color=array([1., 1., 1.]), colorSpace='rgb', contrast=1.0, depth=0.0, flipHoriz=False, flipVert=False, font='Open Sans', fontFiles=[], height=0.035, italic=False, languageStyle='LTR', name='Introduction', opacity=1, ori=0.0, pos=array([0., 0.]), rgb=UNKNOWN, text=str(...), units='height', win=Window(...), wrapWidth=1)
14.8478 	EXP 	Created instructions = TextStim(__class__=<class 'psychopy.visual.text.TextStim'>, alignHoriz=method-wrapper(...), alignText='center', alignVert=method-wrapper(...), anchorHoriz='center', anchorVert='center', antialias=True, autoLog=True, bold=False, color=array([1., 1., 1.]), colorSpace='rgb', contrast=1.0, depth=0.0, flipHoriz=False, flipVert=False, font='Open Sans', fontFiles=[], height=0.035, italic=False, languageStyle='LTR', name='instructions', opacity=1, ori=0.0, pos=array([0., 0.]), rgb=UNKNOWN, text=str(...), units='height', win=Window(...), wrapWidth=1)
15.0908 	EXP 	Created image_3 = ImageStim(__class__=<class 'psychopy.visual.image.ImageStim'>, autoLog=True, color=array([1., 1., 1.]), colorSpace='rgb', contrast=1.0, depth=0.0, flipHoriz=False, flipVert=False, image='snippets/Final/Demo.png', interpolate=True, mask=None, maskParams=None, name='image_3', opacity=1, ori=0.0, pos=array([0., 0.]), size=array([1920., 1080.]), texRes=128.0, units='pix', win=Window(...))
15.3270 	EXP 	Created image_4 = ImageStim(__class__=<class 'psychopy.visual.image.ImageStim'>, autoLog=True, color=array([1., 1., 1.]), colorSpace='rgb', contrast=1.0, depth=0.0, flipHoriz=False, flipVert=False, image='snippets/Final/Demoresp.png', interpolate=True, mask=None, maskParams=None, name='image_4', opacity=1, ori=0.0, pos=array([0., 0.]), size=array([1920., 1080.]), texRes=128.0, units='pix', win=Window(...))
15.3619 	EXP 	window1: mouseVisible = True
15.3672 	EXP 	window1: mouseVisible = True
15.3672 	EXP 	window1: mouseVisible = True
15.3758 	EXP 	Created text_5 = TextStim(__class__=<class 'psychopy.visual.text.TextStim'>, alignHoriz=method-wrapper(...), alignText='center', alignVert=method-wrapper(...), anchorHoriz='center', anchorVert='center', antialias=True, autoLog=True, bold=False, color=array([1., 1., 1.]), colorSpace='rgb', contrast=1.0, depth=-3.0, flipHoriz=False, flipVert=False, font='Open Sans', fontFiles=[], height=0.05, italic=False, languageStyle='LTR', name='text_5', opacity=1, ori=0.0, pos=array([-0.07,  0.33]), rgb=UNKNOWN, text='Choose your output', units='height', win=Window(...), wrapWidth=1)
15.3821 	EXP 	Created text_4 = TextStim(__class__=<class 'psychopy.visual.text.TextStim'>, alignHoriz=method-wrapper(...), alignText='center', alignVert=method-wrapper(...), anchorHoriz='center', anchorVert='center', antialias=True, autoLog=True, bold=False, color=array([1., 1., 1.]), colorSpace='rgb', contrast=1.0, depth=0.0, flipHoriz=False, flipVert=False, font='Open Sans', fontFiles=[], height=0.035, italic=False, languageStyle='LTR', name='text_4', opacity=1, ori=0.0, pos=array([0., 0.]), rgb=UNKNOWN, text=str(...), units='height', win=Window(...), wrapWidth=1)
15.3857 	EXP 	Created image = ImageStim(__class__=<class 'psychopy.visual.image.ImageStim'>, autoLog=True, color=array([1., 1., 1.]), colorSpace='rgb', contrast=1.0, depth=-2.0, flipHoriz=False, flipVert=False, image='sin', interpolate=False, mask=None, maskParams=None, name='image', opacity=1.0, ori=0.0, pos=array([0., 0.]), size=array([1., 1.]), texRes=128.0, units='pix', win=Window(...))
15.4008 	EXP 	Created text_2 = TextStim(__class__=<class 'psychopy.visual.text.TextStim'>, alignHoriz=method-wrapper(...), alignText='center', alignVert=method-wrapper(...), anchorHoriz='center', anchorVert='center', antialias=True, autoLog=True, bold=False, color=array([1., 1., 1.]), colorSpace='rgb', contrast=1.0, depth=-3.0, flipHoriz=False, flipVert=False, font='Open Sans', fontFiles=[], height=0.1, italic=False, languageStyle='LTR', name='text_2', opacity=1, ori=0.0, pos=array([ 0., -1.]), rgb=UNKNOWN, text='Press < spacebar > to continue ', units='height', win=Window(...), wrapWidth=1)
15.4009 	EXP 	window1: mouseVisible = True
15.4031 	EXP 	window1: mouseVisible = True
15.4049 	EXP 	window1: mouseVisible = True
15.4102 	EXP 	Created text_3 = TextStim(__class__=<class 'psychopy.visual.text.TextStim'>, alignHoriz=method-wrapper(...), alignText='center', alignVert=method-wrapper(...), anchorHoriz='center', anchorVert='center', antialias=True, autoLog=True, bold=False, color=array([1., 1., 1.]), colorSpace='rgb', contrast=1.0, depth=-4.0, flipHoriz=False, flipVert=False, font='Open Sans', fontFiles=[], height=0.05, italic=False, languageStyle='LTR', name='text_3', opacity=1, ori=0.0, pos=array([-0.07,  0.33]), rgb=UNKNOWN, text='Choose your Output', units='height', win=Window(...), wrapWidth=1)
15.4235 	EXP 	Created text = TextStim(__class__=<class 'psychopy.visual.text.TextStim'>, alignHoriz=method-wrapper(...), alignText='center', alignVert=method-wrapper(...), anchorHoriz='center', anchorVert='center', antialias=True, autoLog=True, bold=False, color=array([1., 1., 1.]), colorSpace='rgb', contrast=1.0, depth=0.0, flipHoriz=False, flipVert=False, font='Open Sans', fontFiles=[], height=0.1, italic=False, languageStyle='LTR', name='text', opacity=1, ori=0.0, pos=array([0., 0.]), rgb=UNKNOWN, text=str(...), units='height', win=Window(...), wrapWidth=1)
15.4863 	EXP 	Introduction: autoDraw = True
15.9285 	DATA 	Keypress: space
15.9322 	EXP 	Introduction: autoDraw = False
15.9322 	EXP 	instructions: autoDraw = True
16.2857 	DATA 	Keypress: space
16.3407 	EXP 	instructions: autoDraw = False
16.3407 	EXP 	image_3: autoDraw = True
16.6800 	DATA 	Keypress: space
16.7082 	EXP 	image_3: autoDraw = False
16.7082 	EXP 	image_4: autoDraw = True
17.0788 	DATA 	Keypress: space
17.1063 	EXP 	image_4: autoDraw = False
17.1063 	EXP 	text_5: autoDraw = True
17.8065 	DATA 	Mouse: Left button down, pos=(846,666)
17.8280 	EXP 	text_5: autoDraw = False
17.8280 	EXP 	text_4: autoDraw = True
17.9001 	DATA 	Mouse:  Left button up, pos=(846,668)
20.1778 	EXP 	Created sequence: sequential, trialTypes=1, nReps=16, seed=None
20.1788 	EXP 	New trial (rep=0, index=0): None
20.1800 	EXP 	Created sequence: random, trialTypes=1, nReps=2, seed=None
20.1807 	EXP 	New trial (rep=0, index=0): None
20.2734 	DATA 	Keypress: space
20.2817 	EXP 	text_4: autoDraw = False
20.2817 	EXP 	image: size = array([1920., 1080.])
20.2817 	EXP 	image: image = './snippets/Final/ArraySum(CNL).png'
20.2817 	EXP 	image: autoDraw = True
20.2817 	EXP 	text_2: autoDraw = True
22.5790 	DATA 	Keypress: escape
